f:\sze\5\mosze\mosze-2023-hw-pacman-bytebusters\bytebusters\game\x64\debug\vc143.pdb
f:\sze\5\mosze\mosze-2023-hw-pacman-bytebusters\bytebusters\game\x64\debug\vc143.idb
f:\sze\5\mosze\mosze-2023-hw-pacman-bytebusters\bytebusters\game\x64\debug\main.obj
f:\sze\5\mosze\mosze-2023-hw-pacman-bytebusters\bytebusters\game\x64\debug\game.obj
f:\sze\5\mosze\mosze-2023-hw-pacman-bytebusters\bytebusters\game\x64\debug\texturemanager.obj
f:\sze\5\mosze\mosze-2023-hw-pacman-bytebusters\bytebusters\game\x64\debug\gameobject.obj
f:\sze\5\mosze\mosze-2023-hw-pacman-bytebusters\bytebusters\game\x64\debug\map.obj
f:\sze\5\mosze\mosze-2023-hw-pacman-bytebusters\bytebusters\x64\debug\game.exe
f:\sze\5\mosze\mosze-2023-hw-pacman-bytebusters\bytebusters\game\x64\debug\game.ilk
f:\sze\5\mosze\mosze-2023-hw-pacman-bytebusters\bytebusters\x64\debug\game.pdb
f:\sze\5\mosze\mosze-2023-hw-pacman-bytebusters\bytebusters\game\x64\debug\source.obj
f:\sze\5\mosze\mosze-2023-hw-pacman-bytebusters\bytebusters\game\x64\debug\game.tlog\cl.command.1.tlog
f:\sze\5\mosze\mosze-2023-hw-pacman-bytebusters\bytebusters\game\x64\debug\game.tlog\cl.items.tlog
f:\sze\5\mosze\mosze-2023-hw-pacman-bytebusters\bytebusters\game\x64\debug\game.tlog\cl.read.1.tlog
f:\sze\5\mosze\mosze-2023-hw-pacman-bytebusters\bytebusters\game\x64\debug\game.tlog\cl.write.1.tlog
f:\sze\5\mosze\mosze-2023-hw-pacman-bytebusters\bytebusters\game\x64\debug\game.tlog\link-cvtres.read.1.tlog
f:\sze\5\mosze\mosze-2023-hw-pacman-bytebusters\bytebusters\game\x64\debug\game.tlog\link-cvtres.write.1.tlog
f:\sze\5\mosze\mosze-2023-hw-pacman-bytebusters\bytebusters\game\x64\debug\game.tlog\link-rc.read.1.tlog
f:\sze\5\mosze\mosze-2023-hw-pacman-bytebusters\bytebusters\game\x64\debug\game.tlog\link-rc.write.1.tlog
f:\sze\5\mosze\mosze-2023-hw-pacman-bytebusters\bytebusters\game\x64\debug\game.tlog\link.22560-cvtres.read.1.tlog
f:\sze\5\mosze\mosze-2023-hw-pacman-bytebusters\bytebusters\game\x64\debug\game.tlog\link.22560-cvtres.write.1.tlog
f:\sze\5\mosze\mosze-2023-hw-pacman-bytebusters\bytebusters\game\x64\debug\game.tlog\link.22560-rc.read.1.tlog
f:\sze\5\mosze\mosze-2023-hw-pacman-bytebusters\bytebusters\game\x64\debug\game.tlog\link.22560-rc.write.1.tlog
f:\sze\5\mosze\mosze-2023-hw-pacman-bytebusters\bytebusters\game\x64\debug\game.tlog\link.22560.read.1.tlog
f:\sze\5\mosze\mosze-2023-hw-pacman-bytebusters\bytebusters\game\x64\debug\game.tlog\link.22560.read.2.tlog
f:\sze\5\mosze\mosze-2023-hw-pacman-bytebusters\bytebusters\game\x64\debug\game.tlog\link.22560.write.1.tlog
f:\sze\5\mosze\mosze-2023-hw-pacman-bytebusters\bytebusters\game\x64\debug\game.tlog\link.command.1.tlog
f:\sze\5\mosze\mosze-2023-hw-pacman-bytebusters\bytebusters\game\x64\debug\game.tlog\link.read.1.tlog
f:\sze\5\mosze\mosze-2023-hw-pacman-bytebusters\bytebusters\game\x64\debug\game.tlog\link.read.2.tlog
f:\sze\5\mosze\mosze-2023-hw-pacman-bytebusters\bytebusters\game\x64\debug\game.tlog\link.write.1.tlog
