d:\sulesz\mosze\bytebusters\game\mazegenerator\debug\vc143.pdb
d:\sulesz\mosze\bytebusters\game\mazegenerator\debug\vc143.idb
d:\sulesz\mosze\bytebusters\game\mazegenerator\debug\writegridtofile.obj
d:\sulesz\mosze\bytebusters\game\mazegenerator\debug\removeedgeadjacentblocks.obj
d:\sulesz\mosze\bytebusters\game\mazegenerator\debug\printgrid.obj
d:\sulesz\mosze\bytebusters\game\mazegenerator\debug\placetetrisblocks.obj
d:\sulesz\mosze\bytebusters\game\mazegenerator\debug\modifygridedges.obj
d:\sulesz\mosze\bytebusters\game\mazegenerator\debug\main.obj
d:\sulesz\mosze\bytebusters\game\mazegenerator\debug\creategrid.obj
d:\sulesz\mosze\bytebusters\game\mazegenerator\debug\checkreachability.obj
d:\sulesz\mosze\bytebusters\game\mazegenerator\debug\mazegenerator.pdb
d:\sulesz\mosze\bytebusters\game\mazegenerator\debug\mazegenerator.tlog\cl.command.1.tlog
d:\sulesz\mosze\bytebusters\game\mazegenerator\debug\mazegenerator.tlog\cl.items.tlog
d:\sulesz\mosze\bytebusters\game\mazegenerator\debug\mazegenerator.tlog\cl.read.1.tlog
d:\sulesz\mosze\bytebusters\game\mazegenerator\debug\mazegenerator.tlog\cl.write.1.tlog
d:\sulesz\mosze\bytebusters\game\mazegenerator\debug\mazegenerator.tlog\link-cvtres.read.1.tlog
d:\sulesz\mosze\bytebusters\game\mazegenerator\debug\mazegenerator.tlog\link-cvtres.write.1.tlog
d:\sulesz\mosze\bytebusters\game\mazegenerator\debug\mazegenerator.tlog\link-rc.read.1.tlog
d:\sulesz\mosze\bytebusters\game\mazegenerator\debug\mazegenerator.tlog\link-rc.write.1.tlog
d:\sulesz\mosze\bytebusters\game\mazegenerator\debug\mazegenerator.tlog\link.19564-cvtres.read.1.tlog
d:\sulesz\mosze\bytebusters\game\mazegenerator\debug\mazegenerator.tlog\link.19564-cvtres.write.1.tlog
d:\sulesz\mosze\bytebusters\game\mazegenerator\debug\mazegenerator.tlog\link.19564-rc.read.1.tlog
d:\sulesz\mosze\bytebusters\game\mazegenerator\debug\mazegenerator.tlog\link.19564-rc.write.1.tlog
d:\sulesz\mosze\bytebusters\game\mazegenerator\debug\mazegenerator.tlog\link.19564.read.1.tlog
d:\sulesz\mosze\bytebusters\game\mazegenerator\debug\mazegenerator.tlog\link.19564.write.1.tlog
d:\sulesz\mosze\bytebusters\game\mazegenerator\debug\mazegenerator.tlog\link.command.1.tlog
d:\sulesz\mosze\bytebusters\game\mazegenerator\debug\mazegenerator.tlog\link.read.1.tlog
d:\sulesz\mosze\bytebusters\game\mazegenerator\debug\mazegenerator.tlog\link.write.1.tlog
